FINDSYM, Version 3.2.3, August 2007
Written by Harold T. Stokes and Dorian M. Hatch
Brigham Young University
 
testing
Tolerance:    0.05000
Lattice parameters, a,b,c,alpha,beta,gamma:
   7.50400   3.71800   7.99500  90.00000 102.79500  90.00000
Vectors defining the unit cell (dimensionless coordinates):
   1.00000   0.00000   0.00000
   0.00000   1.00000   0.00000
   0.00000   0.00000   1.00000
Number of atoms in unit cell:
 28
Type of each atom:
  1  1  1  1  2  2  2  2  2  2  2  2  3  3  3  3  3  3  3  3
  3  3  3  3  3  3  3  3
Position of each atom (dimensionless coordinates)
   1   0.20112   0.00000   0.08643
   2   0.79888   0.00000   0.91357
   3   0.96195   0.50000   0.75938
   4   0.03805   0.50000   0.24062
   5   0.28667   0.50000   0.07319
   6   0.71333   0.50000   0.92681
   7   0.46632   0.00000   0.14233
   8   0.53368   0.00000   0.85767
   9   0.55608   0.61975   0.88843
  10   0.44392   0.61975   0.11157
  11   0.44392   0.38025   0.11157
  12   0.55608   0.38025   0.88843
  13   0.71423   0.00000   0.07064
  14   0.28577   0.00000   0.92936
  15   0.52808   0.39660   0.69117
  16   0.47192   0.39660   0.30883
  17   0.47192   0.60340   0.30883
  18   0.52808   0.60340   0.69117
  19   0.37882   0.84221   0.82605
  20   0.62118   0.84221   0.17395
  21   0.62118   0.15779   0.17395
  22   0.37882   0.15779   0.82605
  23   0.00000   0.50000   0.00000
  24   0.13012   0.50000   0.13308
  25   0.86988   0.50000   0.86692
  26   0.00000   0.27736   0.50000
  27   0.00000   0.72264   0.50000
  28   0.00000   0.00000   0.00000
------------------------------------------
Space Group  10  C2h-1     P2/m      
Origin at    0.00000   0.00000   0.00000
Vectors a,b,c:
   1.00000   0.00000   0.00000
   0.00000   1.00000   0.00000
   0.00000   0.00000   1.00000
Values of a,b,c,alpha,beta,gamma:
   7.50400   3.71800   7.99500  90.00000 102.79500  90.00000
Atomic positions in terms of a,b,c:
Wyckoff position m, x =  0.20112, z =  0.08643
   1   0.20112   0.00000   0.08643
   2   0.79888   0.00000   0.91357
Wyckoff position n, x = -0.03805, z = -0.24062
   3   0.96195   0.50000   0.75938
   4   0.03805   0.50000   0.24062
Wyckoff position n, x =  0.28667, z =  0.07319
   5   0.28667   0.50000   0.07319
   6   0.71333   0.50000   0.92681
Wyckoff position m, x =  0.46632, z =  0.14233
   7   0.46632   0.00000   0.14233
   8   0.53368   0.00000   0.85767
Wyckoff position o, x = -0.44392, y = -0.38025, z = -0.11157
   9   0.55608   0.61975   0.88843
  10   0.44392   0.61975   0.11157
  11   0.44392   0.38025   0.11157
  12   0.55608   0.38025   0.88843
Wyckoff position m, x = -0.28577, z =  0.07064
  13   0.71423   0.00000   0.07064
  14   0.28577   0.00000   0.92936
Wyckoff position o, x = -0.47192, y =  0.39660, z = -0.30883
  15   0.52808   0.39660   0.69117
  16   0.47192   0.39660   0.30883
  17   0.47192   0.60340   0.30883
  18   0.52808   0.60340   0.69117
Wyckoff position o, x =  0.37882, y = -0.15779, z = -0.17395
  19   0.37882   0.84221   0.82605
  20   0.62118   0.84221   0.17395
  21   0.62118   0.15779   0.17395
  22   0.37882   0.15779   0.82605
Wyckoff position b
  23   0.00000   0.50000   0.00000
Wyckoff position n, x =  0.13012, z =  0.13308
  24   0.13012   0.50000   0.13308
  25   0.86988   0.50000   0.86692
Wyckoff position k, y =  0.27736
  26   0.00000   0.27736   0.50000
  27   0.00000   0.72264   0.50000
Wyckoff position a
  28   0.00000   0.00000   0.00000
