Code for generating 3D crystals in USPEX
Written by H. T. Stokes, Adapted by Q Zhu
Space-group symmetry:  10
Number of types of atoms:  3
Number of atoms of each type:   4   8  16
Minimum distance between each type of atom:
   0.897   0.883   0.805   0.883   0.869   0.791   0.805   0.791   0.712
cell parameters:   7.9951044682   7.5041854945   3.7182028773  90.0000000000  90.0000000000 102.7950000000
 22 atomic parameters
 28 atoms
  1 1   0.0864290148   0.2011190802   0.0000000000 1(0,1,0) 2(1,0,0)
  2 1   0.9135709852   0.7988809198   0.0000000000 1(0,-1,0) 2(-1,0,0)
  3 1   0.7593829036   0.9619500637   0.5000000000 3(0,1,0) 4(1,0,0)
  4 1   0.2406170964   0.0380499363   0.5000000000 3(0,-1,0) 4(-1,0,0)
  5 2   0.0731878132   0.2866684794   0.5000000000 5(0,1,0) 6(1,0,0)
  6 2   0.9268121868   0.7133315206   0.5000000000 5(0,-1,0) 6(-1,0,0)
  7 2   0.1423265189   0.4663155675   0.0000000000 7(0,1,0) 8(1,0,0)
  8 2   0.8576734811   0.5336844325   0.0000000000 7(0,-1,0) 8(-1,0,0)
  9 2   0.8884340525   0.5560761094   0.6197502017 9(0,1,0) 10(0,0,1) 11(1,0,0)
 10 2   0.1115659475   0.4439238906   0.6197502017 9(0,-1,0) 10(0,0,1) 11(-1,0,0)
 11 2   0.1115659475   0.4439238906   0.3802497983 9(0,-1,0) 10(0,0,-1) 11(-1,0,0)
 12 2   0.8884340525   0.5560761094   0.3802497983 9(0,1,0) 10(0,0,-1) 11(1,0,0)
 13 3   0.0706427172   0.7142271399   0.0000000000 12(0,1,0) 13(1,0,0)
 14 3   0.9293572828   0.2857728601   0.0000000000 12(0,-1,0) 13(-1,0,0)
 15 3   0.6911717057   0.5280804038   0.3966054618 14(0,1,0) 15(0,0,1) 16(1,0,0)
 16 3   0.3088282943   0.4719195962   0.3966054618 14(0,-1,0) 15(0,0,1) 16(-1,0,0)
 17 3   0.3088282943   0.4719195962   0.6033945382 14(0,-1,0) 15(0,0,-1) 16(-1,0,0)
 18 3   0.6911717057   0.5280804038   0.6033945382 14(0,1,0) 15(0,0,-1) 16(1,0,0)
 19 3   0.8260544538   0.3788224161   0.8422085643 17(0,1,0) 18(0,0,1) 19(1,0,0)
 20 3   0.1739455462   0.6211775839   0.8422085643 17(0,-1,0) 18(0,0,1) 19(-1,0,0)
 21 3   0.1739455462   0.6211775839   0.1577914357 17(0,-1,0) 18(0,0,-1) 19(-1,0,0)
 22 3   0.8260544538   0.3788224161   0.1577914357 17(0,1,0) 18(0,0,-1) 19(1,0,0)
 23 3   0.0000000000   0.0000000000   0.5000000000
 24 3   0.1330775768   0.1301206201   0.5000000000 20(0,1,0) 21(1,0,0)
 25 3   0.8669224232   0.8698793799   0.5000000000 20(0,-1,0) 21(-1,0,0)
 26 3   0.5000000000   0.0000000000   0.2773646414 22(0,0,1)
 27 3   0.5000000000   0.0000000000   0.7226353586 22(0,0,-1)
 28 3   0.0000000000   0.0000000000   0.0000000000
